2026-01-26 16:35:03.220 [main] INFO  c.e.h.HeroMovementApplication - Starting HeroMovementApplication using Java 21.0.7 with PID 23940 (C:\clevaProject\app_default\app_cleva\target\classes started by okpee in C:\clevaProject\app_default\app_cleva)
2026-01-26 16:35:03.221 [main] DEBUG c.e.h.HeroMovementApplication - Running with Spring Boot v3.2.2, Spring v6.1.3
2026-01-26 16:35:03.223 [main] INFO  c.e.h.HeroMovementApplication - No active profile set, falling back to 1 default profile: "default"
2026-01-26 16:35:04.211 [main] ERROR o.a.c.core.AprLifecycleListener - An incompatible version [1.2.28] of the Apache Tomcat Native library is installed, while Tomcat requires version [1.2.34]
2026-01-26 16:35:04.609 [main] INFO  o.s.b.w.e.tomcat.TomcatWebServer - Tomcat initialized with port 9099 (http)
2026-01-26 16:35:04.626 [main] INFO  o.a.catalina.core.StandardService - Starting service [Tomcat]
2026-01-26 16:35:04.627 [main] INFO  o.a.catalina.core.StandardEngine - Starting Servlet engine: [Apache Tomcat/10.1.18]
2026-01-26 16:35:04.706 [main] INFO  o.a.c.c.C.[Tomcat].[localhost].[/] - Initializing Spring embedded WebApplicationContext
2026-01-26 16:35:04.707 [main] INFO  o.s.b.w.s.c.ServletWebServerApplicationContext - Root WebApplicationContext: initialization completed in 1405 ms
2026-01-26 16:35:05.214 [main] INFO  o.s.b.w.e.tomcat.TomcatWebServer - Tomcat started on port 9099 (http) with context path ''
2026-01-26 16:35:05.225 [main] INFO  c.e.h.HeroMovementApplication - Started HeroMovementApplication in 2.799 seconds (process running for 3.206)
2026-01-26 16:35:10.849 [http-nio-9099-exec-1] INFO  o.a.c.c.C.[Tomcat].[localhost].[/] - Initializing Spring DispatcherServlet 'dispatcherServlet'
2026-01-26 16:35:10.849 [http-nio-9099-exec-1] INFO  o.s.web.servlet.DispatcherServlet - Initializing Servlet 'dispatcherServlet'
2026-01-26 16:35:10.851 [http-nio-9099-exec-1] INFO  o.s.web.servlet.DispatcherServlet - Completed initialization in 2 ms
2026-01-26 16:35:10.960 [http-nio-9099-exec-1] INFO  c.e.h.i.a.i.w.HeroMovementController - Received request to move hero: startX=3, startY=0, instructions=SSSSEEEEEENN, mapPath=carte.txt
2026-01-26 16:35:10.961 [http-nio-9099-exec-1] INFO  c.e.h.a.service.HeroMovementService - Executing move: start=(3, 0), instructionsLength=12, mapPath=carte.txt
2026-01-26 16:35:10.961 [http-nio-9099-exec-1] DEBUG c.e.h.i.a.o.p.FileMapLoader - filePath argument = [carte.txt]
2026-01-26 16:35:10.961 [http-nio-9099-exec-1] DEBUG c.e.h.i.a.o.p.FileMapLoader - mapFilePath (Spring) = [C:/clevaProject/pop/carte.txt]
2026-01-26 16:35:10.961 [http-nio-9099-exec-1] DEBUG c.e.h.i.a.o.p.FileMapLoader - Loading map from CLASSPATH: carte.txt
2026-01-26 16:35:10.966 [http-nio-9099-exec-1] DEBUG c.e.h.domain.model.GameMap - Validating move (3, 1): true
2026-01-26 16:35:10.966 [http-nio-9099-exec-1] INFO  c.e.heromovement.domain.model.Hero - Moving hero to (3, 1)
2026-01-26 16:35:10.966 [http-nio-9099-exec-1] DEBUG c.e.h.domain.model.GameMap - Validating move (3, 2): true
2026-01-26 16:35:10.966 [http-nio-9099-exec-1] INFO  c.e.heromovement.domain.model.Hero - Moving hero to (3, 2)
2026-01-26 16:35:10.966 [http-nio-9099-exec-1] DEBUG c.e.h.domain.model.GameMap - Validating move (3, 3): true
2026-01-26 16:35:10.967 [http-nio-9099-exec-1] INFO  c.e.heromovement.domain.model.Hero - Moving hero to (3, 3)
2026-01-26 16:35:10.967 [http-nio-9099-exec-1] DEBUG c.e.h.domain.model.GameMap - Validating move (3, 4): true
2026-01-26 16:35:10.967 [http-nio-9099-exec-1] INFO  c.e.heromovement.domain.model.Hero - Moving hero to (3, 4)
2026-01-26 16:35:10.967 [http-nio-9099-exec-1] DEBUG c.e.h.domain.model.GameMap - Validating move (4, 4): true
2026-01-26 16:35:10.967 [http-nio-9099-exec-1] INFO  c.e.heromovement.domain.model.Hero - Moving hero to (4, 4)
2026-01-26 16:35:10.967 [http-nio-9099-exec-1] DEBUG c.e.h.domain.model.GameMap - Validating move (5, 4): true
2026-01-26 16:35:10.967 [http-nio-9099-exec-1] INFO  c.e.heromovement.domain.model.Hero - Moving hero to (5, 4)
2026-01-26 16:35:10.967 [http-nio-9099-exec-1] DEBUG c.e.h.domain.model.GameMap - Validating move (6, 4): true
2026-01-26 16:35:10.967 [http-nio-9099-exec-1] INFO  c.e.heromovement.domain.model.Hero - Moving hero to (6, 4)
2026-01-26 16:35:10.967 [http-nio-9099-exec-1] DEBUG c.e.h.domain.model.GameMap - Validating move (7, 4): true
2026-01-26 16:35:10.967 [http-nio-9099-exec-1] INFO  c.e.heromovement.domain.model.Hero - Moving hero to (7, 4)
2026-01-26 16:35:10.967 [http-nio-9099-exec-1] DEBUG c.e.h.domain.model.GameMap - Validating move (8, 4): true
2026-01-26 16:35:10.967 [http-nio-9099-exec-1] INFO  c.e.heromovement.domain.model.Hero - Moving hero to (8, 4)
2026-01-26 16:35:10.967 [http-nio-9099-exec-1] DEBUG c.e.h.domain.model.GameMap - Validating move (9, 4): true
2026-01-26 16:35:10.967 [http-nio-9099-exec-1] INFO  c.e.heromovement.domain.model.Hero - Moving hero to (9, 4)
2026-01-26 16:35:10.967 [http-nio-9099-exec-1] DEBUG c.e.h.domain.model.GameMap - Validating move (9, 3): true
2026-01-26 16:35:10.967 [http-nio-9099-exec-1] INFO  c.e.heromovement.domain.model.Hero - Moving hero to (9, 3)
2026-01-26 16:35:10.967 [http-nio-9099-exec-1] DEBUG c.e.h.domain.model.GameMap - Validating move (9, 2): true
2026-01-26 16:35:10.968 [http-nio-9099-exec-1] INFO  c.e.heromovement.domain.model.Hero - Moving hero to (9, 2)
2026-01-26 16:35:10.968 [http-nio-9099-exec-1] INFO  c.e.h.a.service.HeroMovementService - Final position after move: (9, 2)
